[START] 08/09/2025  9:36:03.68 
Running: venv\Scripts\python.exe manage.py calibration_reminders --days 30 --settings=core.settings_maintenance 
Toplam 2 cihaz için hatýrlatma oluþturulacak (days=30).
Traceback (most recent call last):
  File "C:\dev\bakim_kalibrasyon\manage.py", line 22, in <module>
    main()
  File "C:\dev\bakim_kalibrasyon\manage.py", line 18, in main
    execute_from_command_line(sys.argv)
  File "C:\dev\bakim_kalibrasyon\venv\Lib\site-packages\django\core\management\__init__.py", line 442, in execute_from_command_line
    utility.execute()
  File "C:\dev\bakim_kalibrasyon\venv\Lib\site-packages\django\core\management\__init__.py", line 436, in execute
    self.fetch_command(subcommand).run_from_argv(self.argv)
  File "C:\dev\bakim_kalibrasyon\venv\Lib\site-packages\django\core\management\base.py", line 416, in run_from_argv
    self.execute(*args, **cmd_options)
  File "C:\dev\bakim_kalibrasyon\venv\Lib\site-packages\django\core\management\base.py", line 460, in execute
    output = self.handle(*args, **options)
             ^^^^^^^^^^^^^^^^^^^^^^^^^^^^^
  File "C:\dev\bakim_kalibrasyon\maintenance\management\commands\calibration_reminders.py", line 114, in handle
    text_body = render_to_string("maintenance/email/calibration_reminder_email.txt", context)
                ^^^^^^^^^^^^^^^^^^^^^^^^^^^^^^^^^^^^^^^^^^^^^^^^^^^^^^^^^^^^^^^^^^^^^^^^^^^^^
  File "C:\dev\bakim_kalibrasyon\venv\Lib\site-packages\django\template\loader.py", line 61, in render_to_string
    template = get_template(template_name, using=using)
               ^^^^^^^^^^^^^^^^^^^^^^^^^^^^^^^^^^^^^^^^
  File "C:\dev\bakim_kalibrasyon\venv\Lib\site-packages\django\template\loader.py", line 15, in get_template
    return engine.get_template(template_name)
           ^^^^^^^^^^^^^^^^^^^^^^^^^^^^^^^^^^
  File "C:\dev\bakim_kalibrasyon\venv\Lib\site-packages\django\template\backends\django.py", line 79, in get_template
    return Template(self.engine.get_template(template_name), self)
                    ^^^^^^^^^^^^^^^^^^^^^^^^^^^^^^^^^^^^^^^
  File "C:\dev\bakim_kalibrasyon\venv\Lib\site-packages\django\template\engine.py", line 177, in get_template
    template, origin = self.find_template(template_name)
                       ^^^^^^^^^^^^^^^^^^^^^^^^^^^^^^^^^
  File "C:\dev\bakim_kalibrasyon\venv\Lib\site-packages\django\template\engine.py", line 159, in find_template
    template = loader.get_template(name, skip=skip)
               ^^^^^^^^^^^^^^^^^^^^^^^^^^^^^^^^^^^^
  File "C:\dev\bakim_kalibrasyon\venv\Lib\site-packages\django\template\loaders\cached.py", line 57, in get_template
    template = super().get_template(template_name, skip)
               ^^^^^^^^^^^^^^^^^^^^^^^^^^^^^^^^^^^^^^^^^
  File "C:\dev\bakim_kalibrasyon\venv\Lib\site-packages\django\template\loaders\base.py", line 28, in get_template
    return Template(
           ^^^^^^^^^
  File "C:\dev\bakim_kalibrasyon\venv\Lib\site-packages\django\template\base.py", line 154, in __init__
    self.nodelist = self.compile_nodelist()
                    ^^^^^^^^^^^^^^^^^^^^^^^
  File "C:\dev\bakim_kalibrasyon\venv\Lib\site-packages\django\template\base.py", line 196, in compile_nodelist
    nodelist = parser.parse()
               ^^^^^^^^^^^^^^
  File "C:\dev\bakim_kalibrasyon\venv\Lib\site-packages\django\template\base.py", line 518, in parse
    raise self.error(token, e)
  File "C:\dev\bakim_kalibrasyon\venv\Lib\site-packages\django\template\base.py", line 516, in parse
    compiled_result = compile_func(self, token)
                      ^^^^^^^^^^^^^^^^^^^^^^^^^
  File "C:\dev\bakim_kalibrasyon\venv\Lib\site-packages\django\template\defaulttags.py", line 848, in do_for
    raise TemplateSyntaxError(
django.template.exceptions.TemplateSyntaxError: 'for' statements should use the format 'for x in y': for r in items -
ExitCode=1 
[END] 08/09/2025  9:36:11.34 
 
