[START] 02/10/2025  9:00:02.03 
Running: venv\Scripts\python.exe manage.py calibration_reminders --days 30 --settings=core.settings_maintenance 
Traceback (most recent call last):
  File "C:\dev\bakim_kalibrasyon\maintenance\bootreport.py", line 34, in safe_write_boot_report
    data = _collect_boot_data()
           ^^^^^^^^^^^^^^^^^^^^
  File "C:\dev\bakim_kalibrasyon\maintenance\bootreport.py", line 85, in _collect_boot_data
    "urls": _list_all_urls(),
            ^^^^^^^^^^^^^^^^
  File "C:\dev\bakim_kalibrasyon\maintenance\bootreport.py", line 159, in _list_all_urls
    _walk(resolver.url_patterns)
          ^^^^^^^^^^^^^^^^^^^^^
  File "C:\dev\bakim_kalibrasyon\venv\Lib\site-packages\django\utils\functional.py", line 48, in __get__
    res = instance.__dict__[self.name] = self.func(instance)
                                         ^^^^^^^^^^^^^^^^^^^
  File "C:\dev\bakim_kalibrasyon\venv\Lib\site-packages\django\urls\resolvers.py", line 719, in url_patterns
    patterns = getattr(self.urlconf_module, "urlpatterns", self.urlconf_module)
                       ^^^^^^^^^^^^^^^^^^^
  File "C:\dev\bakim_kalibrasyon\venv\Lib\site-packages\django\utils\functional.py", line 48, in __get__
    res = instance.__dict__[self.name] = self.func(instance)
                                         ^^^^^^^^^^^^^^^^^^^
  File "C:\dev\bakim_kalibrasyon\venv\Lib\site-packages\django\urls\resolvers.py", line 712, in urlconf_module
    return import_module(self.urlconf_name)
           ^^^^^^^^^^^^^^^^^^^^^^^^^^^^^^^^
  File "C:\Users\HP\AppData\Local\Programs\Python\Python311\Lib\importlib\__init__.py", line 126, in import_module
    return _bootstrap._gcd_import(name[level:], package, level)
           ^^^^^^^^^^^^^^^^^^^^^^^^^^^^^^^^^^^^^^^^^^^^^^^^^^^^
  File "<frozen importlib._bootstrap>", line 1204, in _gcd_import
  File "<frozen importlib._bootstrap>", line 1176, in _find_and_load
  File "<frozen importlib._bootstrap>", line 1147, in _find_and_load_unlocked
  File "<frozen importlib._bootstrap>", line 690, in _load_unlocked
  File "<frozen importlib._bootstrap_external>", line 940, in exec_module
  File "<frozen importlib._bootstrap>", line 241, in _call_with_frames_removed
  File "C:\dev\bakim_kalibrasyon\core\urls.py", line 7, in <module>
    from maintenance.admin import admin_site
ImportError: cannot import name 'admin_site' from 'maintenance.admin' (C:\dev\bakim_kalibrasyon\maintenance\admin.py)
[bootreport] ERROR: ImportError("cannot import name 'admin_site' from 'maintenance.admin' (C:\\dev\\bakim_kalibrasyon\\maintenance\\admin.py)")
Traceback (most recent call last):
  File "C:\dev\bakim_kalibrasyon\manage.py", line 26, in <module>
    main()
  File "C:\dev\bakim_kalibrasyon\manage.py", line 22, in main
    execute_from_command_line(sys.argv)
  File "C:\dev\bakim_kalibrasyon\venv\Lib\site-packages\django\core\management\__init__.py", line 443, in execute_from_command_line
    utility.execute()
  File "C:\dev\bakim_kalibrasyon\venv\Lib\site-packages\django\core\management\__init__.py", line 437, in execute
    self.fetch_command(subcommand).run_from_argv(self.argv)
  File "C:\dev\bakim_kalibrasyon\venv\Lib\site-packages\django\core\management\base.py", line 417, in run_from_argv
    self.execute(*args, **cmd_options)
  File "C:\dev\bakim_kalibrasyon\venv\Lib\site-packages\django\core\management\base.py", line 458, in execute
    self.check(**check_kwargs)
  File "C:\dev\bakim_kalibrasyon\venv\Lib\site-packages\django\core\management\base.py", line 493, in check
    all_issues = checks.run_checks(
                 ^^^^^^^^^^^^^^^^^^
  File "C:\dev\bakim_kalibrasyon\venv\Lib\site-packages\django\core\checks\registry.py", line 90, in run_checks
    new_errors = check(app_configs=app_configs, databases=databases)
                 ^^^^^^^^^^^^^^^^^^^^^^^^^^^^^^^^^^^^^^^^^^^^^^^^^^^
  File "C:\dev\bakim_kalibrasyon\venv\Lib\site-packages\django\core\checks\urls.py", line 45, in check_url_namespaces_unique
    all_namespaces = _load_all_namespaces(resolver)
                     ^^^^^^^^^^^^^^^^^^^^^^^^^^^^^^
  File "C:\dev\bakim_kalibrasyon\venv\Lib\site-packages\django\core\checks\urls.py", line 64, in _load_all_namespaces
    url_patterns = getattr(resolver, "url_patterns", [])
                   ^^^^^^^^^^^^^^^^^^^^^^^^^^^^^^^^^^^^^
  File "C:\dev\bakim_kalibrasyon\venv\Lib\site-packages\django\utils\functional.py", line 48, in __get__
    res = instance.__dict__[self.name] = self.func(instance)
                                         ^^^^^^^^^^^^^^^^^^^
  File "C:\dev\bakim_kalibrasyon\venv\Lib\site-packages\django\urls\resolvers.py", line 719, in url_patterns
    patterns = getattr(self.urlconf_module, "urlpatterns", self.urlconf_module)
                       ^^^^^^^^^^^^^^^^^^^
  File "C:\dev\bakim_kalibrasyon\venv\Lib\site-packages\django\utils\functional.py", line 48, in __get__
    res = instance.__dict__[self.name] = self.func(instance)
                                         ^^^^^^^^^^^^^^^^^^^
  File "C:\dev\bakim_kalibrasyon\venv\Lib\site-packages\django\urls\resolvers.py", line 712, in urlconf_module
    return import_module(self.urlconf_name)
           ^^^^^^^^^^^^^^^^^^^^^^^^^^^^^^^^
  File "C:\Users\HP\AppData\Local\Programs\Python\Python311\Lib\importlib\__init__.py", line 126, in import_module
    return _bootstrap._gcd_import(name[level:], package, level)
           ^^^^^^^^^^^^^^^^^^^^^^^^^^^^^^^^^^^^^^^^^^^^^^^^^^^^
  File "<frozen importlib._bootstrap>", line 1204, in _gcd_import
  File "<frozen importlib._bootstrap>", line 1176, in _find_and_load
  File "<frozen importlib._bootstrap>", line 1147, in _find_and_load_unlocked
  File "<frozen importlib._bootstrap>", line 690, in _load_unlocked
  File "<frozen importlib._bootstrap_external>", line 940, in exec_module
  File "<frozen importlib._bootstrap>", line 241, in _call_with_frames_removed
  File "C:\dev\bakim_kalibrasyon\core\urls.py", line 7, in <module>
    from maintenance.admin import admin_site
ImportError: cannot import name 'admin_site' from 'maintenance.admin' (C:\dev\bakim_kalibrasyon\maintenance\admin.py)
ExitCode=1 
[END] 02/10/2025  9:00:02.95 
 
